current directory: /mnt/c/Users/SAI/RubyOnRailsProjects/ruby on Rails Basic/Starter_Rails/startup_app/vendor/bundle/ruby/2.6.0/gems/nokogiri-1.10.9/ext/nokogiri
/usr/share/rvm/rubies/ruby-2.6.3/bin/ruby -I /usr/share/rvm/rubies/ruby-2.6.3/lib/ruby/site_ruby/2.6.0 -r ./siteconf20200418-24818-17utx1j.rb extconf.rb
checking if the C compiler accepts ... yes
Building nokogiri using packaged libraries.
Using mini_portile version 2.4.0
checking for gzdopen() in -lz... yes
checking for iconv... yes
************************************************************************
IMPORTANT NOTICE:

Building Nokogiri with a packaged version of libxml2-2.9.10
with the following patches applied:
	- 0001-Revert-Do-not-URI-escape-in-server-side-includes.patch
	- 0002-Remove-script-macro-support.patch
	- 0003-Update-entities-to-remove-handling-of-ssi.patch
	- 0004-libxml2.la-is-in-top_builddir.patch
	- 0005-Fix-infinite-loop-in-xmlStringLenDecodeEntities.patch

Team Nokogiri will keep on doing their best to provide security
updates in a timely manner, but if this is a concern for you and want
to use the system library instead; abort this installation process and
reinstall nokogiri as follows:

    gem install nokogiri -- --use-system-libraries
        [--with-xml2-config=/path/to/xml2-config]
        [--with-xslt-config=/path/to/xslt-config]

If you are using Bundler, tell it to use the option:

    bundle config build.nokogiri --use-system-libraries
    bundle install

Note, however, that nokogiri is not fully compatible with arbitrary
versions of libxml2 provided by OS/package vendors.
************************************************************************
Extracting libxml2-2.9.10.tar.gz into tmp/x86_64-pc-linux-gnu/ports/libxml2/2.9.10... OK
Running git apply with /mnt/c/Users/SAI/RubyOnRailsProjects/ruby on Rails Basic/Starter_Rails/startup_app/vendor/bundle/ruby/2.6.0/gems/nokogiri-1.10.9/patches/libxml2/0001-Revert-Do-not-URI-escape-in-server-side-includes.patch... OK
Running git apply with /mnt/c/Users/SAI/RubyOnRailsProjects/ruby on Rails Basic/Starter_Rails/startup_app/vendor/bundle/ruby/2.6.0/gems/nokogiri-1.10.9/patches/libxml2/0002-Remove-script-macro-support.patch... OK
Running git apply with /mnt/c/Users/SAI/RubyOnRailsProjects/ruby on Rails Basic/Starter_Rails/startup_app/vendor/bundle/ruby/2.6.0/gems/nokogiri-1.10.9/patches/libxml2/0003-Update-entities-to-remove-handling-of-ssi.patch... OK
Running git apply with /mnt/c/Users/SAI/RubyOnRailsProjects/ruby on Rails Basic/Starter_Rails/startup_app/vendor/bundle/ruby/2.6.0/gems/nokogiri-1.10.9/patches/libxml2/0004-libxml2.la-is-in-top_builddir.patch... OK
Running git apply with /mnt/c/Users/SAI/RubyOnRailsProjects/ruby on Rails Basic/Starter_Rails/startup_app/vendor/bundle/ruby/2.6.0/gems/nokogiri-1.10.9/patches/libxml2/0005-Fix-infinite-loop-in-xmlStringLenDecodeEntities.patch... OK
Running 'configure' for libxml2 2.9.10... OK
Running 'compile' for libxml2 2.9.10... OK
Running 'install' for libxml2 2.9.10... ERROR, review '/mnt/c/Users/SAI/RubyOnRailsProjects/ruby on Rails Basic/Starter_Rails/startup_app/vendor/bundle/ruby/2.6.0/gems/nokogiri-1.10.9/ext/nokogiri/tmp/x86_64-pc-linux-gnu/ports/libxml2/2.9.10/install.log' to see what happened. Last lines are:
========================================================================
make[3]: Leaving directory '/mnt/c/Users/SAI/RubyOnRailsProjects/ruby on Rails Basic/Starter_Rails/startup_app/vendor/bundle/ruby/2.6.0/gems/nokogiri-1.10.9/ext/nokogiri/tmp/x86_64-pc-linux-gnu/ports/libxml2/2.9.10/libxml2-2.9.10/include'
make[2]: Leaving directory '/mnt/c/Users/SAI/RubyOnRailsProjects/ruby on Rails Basic/Starter_Rails/startup_app/vendor/bundle/ruby/2.6.0/gems/nokogiri-1.10.9/ext/nokogiri/tmp/x86_64-pc-linux-gnu/ports/libxml2/2.9.10/libxml2-2.9.10/include'
Making install in .
make[2]: Entering directory '/mnt/c/Users/SAI/RubyOnRailsProjects/ruby on Rails Basic/Starter_Rails/startup_app/vendor/bundle/ruby/2.6.0/gems/nokogiri-1.10.9/ext/nokogiri/tmp/x86_64-pc-linux-gnu/ports/libxml2/2.9.10/libxml2-2.9.10'
make[3]: Entering directory '/mnt/c/Users/SAI/RubyOnRailsProjects/ruby on Rails Basic/Starter_Rails/startup_app/vendor/bundle/ruby/2.6.0/gems/nokogiri-1.10.9/ext/nokogiri/tmp/x86_64-pc-linux-gnu/ports/libxml2/2.9.10/libxml2-2.9.10'
 /bin/mkdir -p '/mnt/c/Users/SAI/RubyOnRailsProjects/ruby on Rails Basic/Starter_Rails/startup_app/vendor/bundle/ruby/2.6.0/gems/nokogiri-1.10.9/ports/x86_64-pc-linux-gnu/libxml2/2.9.10/lib'
 /bin/bash ./libtool   --mode=install /usr/bin/install -c   libxml2.la '/mnt/c/Users/SAI/RubyOnRailsProjects/ruby on Rails Basic/Starter_Rails/startup_app/vendor/bundle/ruby/2.6.0/gems/nokogiri-1.10.9/ports/x86_64-pc-linux-gnu/libxml2/2.9.10/lib'
libtool: install: /usr/bin/install -c .libs/libxml2.lai /mnt/c/Users/SAI/RubyOnRailsProjects/ruby on Rails Basic/Starter_Rails/startup_app/vendor/bundle/ruby/2.6.0/gems/nokogiri-1.10.9/ports/x86_64-pc-linux-gnu/libxml2/2.9.10/lib/libxml2.la
/usr/bin/install: target 'Basic/Starter_Rails/startup_app/vendor/bundle/ruby/2.6.0/gems/nokogiri-1.10.9/ports/x86_64-pc-linux-gnu/libxml2/2.9.10/lib/libxml2.la' is not a directory
Makefile:1015: recipe for target 'install-libLTLIBRARIES' failed
make[3]: *** [install-libLTLIBRARIES] Error 1
make[3]: Leaving directory '/mnt/c/Users/SAI/RubyOnRailsProjects/ruby on Rails Basic/Starter_Rails/startup_app/vendor/bundle/ruby/2.6.0/gems/nokogiri-1.10.9/ext/nokogiri/tmp/x86_64-pc-linux-gnu/ports/libxml2/2.9.10/libxml2-2.9.10'
Makefile:1792: recipe for target 'install-am' failed
make[2]: *** [install-am] Error 2
make[2]: Leaving directory '/mnt/c/Users/SAI/RubyOnRailsProjects/ruby on Rails Basic/Starter_Rails/startup_app/vendor/bundle/ruby/2.6.0/gems/nokogiri-1.10.9/ext/nokogiri/tmp/x86_64-pc-linux-gnu/ports/libxml2/2.9.10/libxml2-2.9.10'
Makefile:1479: recipe for target 'install-recursive' failed
make[1]: *** [install-recursive] Error 1
make[1]: Leaving directory '/mnt/c/Users/SAI/RubyOnRailsProjects/ruby on Rails Basic/Starter_Rails/startup_app/vendor/bundle/ruby/2.6.0/gems/nokogiri-1.10.9/ext/nokogiri/tmp/x86_64-pc-linux-gnu/ports/libxml2/2.9.10/libxml2-2.9.10'
Makefile:1786: recipe for target 'install' failed
make: *** [install] Error 2
========================================================================
*** extconf.rb failed ***
Could not create Makefile due to some reason, probably lack of necessary
libraries and/or headers.  Check the mkmf.log file for more details.  You may
need configuration options.

Provided configuration options:
	--with-opt-dir
	--without-opt-dir
	--with-opt-include
	--without-opt-include=${opt-dir}/include
	--with-opt-lib
	--without-opt-lib=${opt-dir}/lib
	--with-make-prog
	--without-make-prog
	--srcdir=.
	--curdir
	--ruby=/usr/share/rvm/rubies/ruby-2.6.3/bin/$(RUBY_BASE_NAME)
	--help
	--clean
	--use-system-libraries
	--enable-static
	--disable-static
	--with-zlib-dir
	--without-zlib-dir
	--with-zlib-include
	--without-zlib-include=${zlib-dir}/include
	--with-zlib-lib
	--without-zlib-lib=${zlib-dir}/lib
	--enable-cross-build
	--disable-cross-build
/mnt/c/Users/SAI/RubyOnRailsProjects/ruby on Rails Basic/Starter_Rails/startup_app/vendor/bundle/ruby/2.6.0/gems/mini_portile2-2.4.0/lib/mini_portile2/mini_portile.rb:402:in `block in execute': Failed to complete install task (RuntimeError)
	from /mnt/c/Users/SAI/RubyOnRailsProjects/ruby on Rails Basic/Starter_Rails/startup_app/vendor/bundle/ruby/2.6.0/gems/mini_portile2-2.4.0/lib/mini_portile2/mini_portile.rb:373:in `chdir'
	from /mnt/c/Users/SAI/RubyOnRailsProjects/ruby on Rails Basic/Starter_Rails/startup_app/vendor/bundle/ruby/2.6.0/gems/mini_portile2-2.4.0/lib/mini_portile2/mini_portile.rb:373:in `execute'
	from /mnt/c/Users/SAI/RubyOnRailsProjects/ruby on Rails Basic/Starter_Rails/startup_app/vendor/bundle/ruby/2.6.0/gems/mini_portile2-2.4.0/lib/mini_portile2/mini_portile.rb:120:in `install'
	from /mnt/c/Users/SAI/RubyOnRailsProjects/ruby on Rails Basic/Starter_Rails/startup_app/vendor/bundle/ruby/2.6.0/gems/mini_portile2-2.4.0/lib/mini_portile2/mini_portile.rb:155:in `cook'
	from extconf.rb:365:in `block (2 levels) in process_recipe'
	from extconf.rb:257:in `block in chdir_for_build'
	from extconf.rb:256:in `chdir'
	from extconf.rb:256:in `chdir_for_build'
	from extconf.rb:364:in `block in process_recipe'
	from extconf.rb:262:in `tap'
	from extconf.rb:262:in `process_recipe'
	from extconf.rb:557:in `<main>'

To see why this extension failed to compile, please check the mkmf.log which can be found here:

  /mnt/c/Users/SAI/RubyOnRailsProjects/ruby on Rails Basic/Starter_Rails/startup_app/vendor/bundle/ruby/2.6.0/extensions/x86_64-linux/2.6.0/nokogiri-1.10.9/mkmf.log

extconf failed, exit code 1
